执行的时间前一天是20180313
执行的时间是20180314
002208票20180314的开盘价是12.28
002208票20180314的收盘价是13.61
002208票20180314的涨幅是10.02
002208票20180313的开盘价是12.95
002208票20180313的收盘价价是12.37
002208票20180313的涨幅是-7.89
002922票20180314的开盘价是24.0
002922票20180314的收盘价是26.42
002922票20180314的涨幅是9.99
002922票20180313的开盘价是25.4
002922票20180313的收盘价价是24.02
002922票20180313的涨幅是-5.62
002004停牌无数据,或者请查看sql语句是否正确
002930停牌无数据,或者请查看sql语句是否正确
002870停牌无数据,或者请查看sql语句是否正确
002866停牌无数据,或者请查看sql语句是否正确
002857停牌无数据,或者请查看sql语句是否正确
002851停牌无数据,或者请查看sql语句是否正确
002799停牌无数据,或者请查看sql语句是否正确
002770停牌无数据,或者请查看sql语句是否正确
002765停牌无数据,或者请查看sql语句是否正确
002739停牌无数据,或者请查看sql语句是否正确
002738停牌无数据,或者请查看sql语句是否正确
002726停牌无数据,或者请查看sql语句是否正确
002721停牌无数据,或者请查看sql语句是否正确
002699停牌无数据,或者请查看sql语句是否正确
002692停牌无数据,或者请查看sql语句是否正确
002662停牌无数据,或者请查看sql语句是否正确
002661停牌无数据,或者请查看sql语句是否正确
002656停牌无数据,或者请查看sql语句是否正确
002650停牌无数据,或者请查看sql语句是否正确
002647停牌无数据,或者请查看sql语句是否正确
002622停牌无数据,或者请查看sql语句是否正确
002619停牌无数据,或者请查看sql语句是否正确
002607停牌无数据,或者请查看sql语句是否正确
002604停牌无数据,或者请查看sql语句是否正确
002592停牌无数据,或者请查看sql语句是否正确
002584停牌无数据,或者请查看sql语句是否正确
002580停牌无数据,或者请查看sql语句是否正确
002575停牌无数据,或者请查看sql语句是否正确
002545停牌无数据,或者请查看sql语句是否正确
002538停牌无数据,或者请查看sql语句是否正确
002532停牌无数据,或者请查看sql语句是否正确
002524停牌无数据,或者请查看sql语句是否正确
002523停牌无数据,或者请查看sql语句是否正确
002520停牌无数据,或者请查看sql语句是否正确
002515停牌无数据,或者请查看sql语句是否正确
002509停牌无数据,或者请查看sql语句是否正确
002507停牌无数据,或者请查看sql语句是否正确
002464停牌无数据,或者请查看sql语句是否正确
002451停牌无数据,或者请查看sql语句是否正确
002450停牌无数据,或者请查看sql语句是否正确
002447停牌无数据,或者请查看sql语句是否正确
002442停牌无数据,或者请查看sql语句是否正确
002437停牌无数据,或者请查看sql语句是否正确
002427停牌无数据,或者请查看sql语句是否正确
002423停牌无数据,或者请查看sql语句是否正确
002413停牌无数据,或者请查看sql语句是否正确
002409停牌无数据,或者请查看sql语句是否正确
002398停牌无数据,或者请查看sql语句是否正确
002384停牌无数据,或者请查看sql语句是否正确
002366停牌无数据,或者请查看sql语句是否正确
002357停牌无数据,或者请查看sql语句是否正确
002345停牌无数据,或者请查看sql语句是否正确
002341停牌无数据,或者请查看sql语句是否正确
002321停牌无数据,或者请查看sql语句是否正确
002312停牌无数据,或者请查看sql语句是否正确
002309停牌无数据,或者请查看sql语句是否正确
002301停牌无数据,或者请查看sql语句是否正确
002263停牌无数据,或者请查看sql语句是否正确
002260停牌无数据,或者请查看sql语句是否正确
002259停牌无数据,或者请查看sql语句是否正确
002256停牌无数据,或者请查看sql语句是否正确
002252停牌无数据,或者请查看sql语句是否正确
002219停牌无数据,或者请查看sql语句是否正确
002213停牌无数据,或者请查看sql语句是否正确
002212停牌无数据,或者请查看sql语句是否正确
002198停牌无数据,或者请查看sql语句是否正确
002184停牌无数据,或者请查看sql语句是否正确
002168停牌无数据,或者请查看sql语句是否正确
002163停牌无数据,或者请查看sql语句是否正确
002161停牌无数据,或者请查看sql语句是否正确
002147停牌无数据,或者请查看sql语句是否正确
002143停牌无数据,或者请查看sql语句是否正确
002137停牌无数据,或者请查看sql语句是否正确
002122停牌无数据,或者请查看sql语句是否正确
002121停牌无数据,或者请查看sql语句是否正确
002113停牌无数据,或者请查看sql语句是否正确
002103停牌无数据,或者请查看sql语句是否正确
002098停牌无数据,或者请查看sql语句是否正确
002085停牌无数据,或者请查看sql语句是否正确
002082停牌无数据,或者请查看sql语句是否正确
002075停牌无数据,或者请查看sql语句是否正确
002072停牌无数据,或者请查看sql语句是否正确
002047停牌无数据,或者请查看sql语句是否正确
002034停牌无数据,或者请查看sql语句是否正确
002005停牌无数据,或者请查看sql语句是否正确
000998停牌无数据,或者请查看sql语句是否正确
000962停牌无数据,或者请查看sql语句是否正确
000939停牌无数据,或者请查看sql语句是否正确
000930停牌无数据,或者请查看sql语句是否正确
000912停牌无数据,或者请查看sql语句是否正确
000900停牌无数据,或者请查看sql语句是否正确
000820停牌无数据,或者请查看sql语句是否正确
000812停牌无数据,或者请查看sql语句是否正确
000796停牌无数据,或者请查看sql语句是否正确
000793停牌无数据,或者请查看sql语句是否正确
000766停牌无数据,或者请查看sql语句是否正确
000757停牌无数据,或者请查看sql语句是否正确
000703停牌无数据,或者请查看sql语句是否正确
000693停牌无数据,或者请查看sql语句是否正确
000666停牌无数据,或者请查看sql语句是否正确
000663停牌无数据,或者请查看sql语句是否正确
000616停牌无数据,或者请查看sql语句是否正确
000613停牌无数据,或者请查看sql语句是否正确
000606停牌无数据,或者请查看sql语句是否正确
000566停牌无数据,或者请查看sql语句是否正确
000564停牌无数据,或者请查看sql语句是否正确
000555停牌无数据,或者请查看sql语句是否正确
000547停牌无数据,或者请查看sql语句是否正确
000540停牌无数据,或者请查看sql语句是否正确
000534停牌无数据,或者请查看sql语句是否正确
000533停牌无数据,或者请查看sql语句是否正确
000516停牌无数据,或者请查看sql语句是否正确
000509停牌无数据,或者请查看sql语句是否正确
000506停牌无数据,或者请查看sql语句是否正确
000415停牌无数据,或者请查看sql语句是否正确
000156停牌无数据,或者请查看sql语句是否正确
000056停牌无数据,或者请查看sql语句是否正确
000046停牌无数据,或者请查看sql语句是否正确
000038停牌无数据,或者请查看sql语句是否正确
000035停牌无数据,或者请查看sql语句是否正确
000034停牌无数据,或者请查看sql语句是否正确
000031停牌无数据,或者请查看sql语句是否正确
000029停牌无数据,或者请查看sql语句是否正确
000022停牌无数据,或者请查看sql语句是否正确
000019停牌无数据,或者请查看sql语句是否正确
002033停牌无数据,或者请查看sql语句是否正确
002931停牌无数据,或者请查看sql语句是否正确
000950停牌无数据,或者请查看sql语句是否正确
000629停牌无数据,或者请查看sql语句是否正确
000511停牌无数据,或者请查看sql语句是否正确
