执行的时间前一天是20180307
执行的时间是20180308
000786票20180308的开盘价是22.62
000786票20180308的收盘价是23.95
000786票20180308的涨幅是5.41
000786票20180307的开盘价是22.87
000786票20180307的开盘价是22.72
000786票20180307的开盘价是-2.03
000626票20180308的开盘价是11.06
000626票20180308的收盘价是12.22
000626票20180308的涨幅是9.99
000626票20180307的开盘价是11.39
000626票20180307的开盘价是11.11
000626票20180307的开盘价是-2.54
000615票20180308的开盘价是9.28
000615票20180308的收盘价是9.93
000615票20180308的涨幅是6.32
000615票20180307的开盘价是9.58
000615票20180307的开盘价是9.34
000615票20180307的开盘价是-2.71
002042票20180308的开盘价是11.96
002042票20180308的收盘价是12.96
002042票20180308的涨幅是8.27
002042票20180307的开盘价是12.38
002042票20180307的开盘价是11.97
002042票20180307的开盘价是-3.31
000404票20180308的开盘价是5.71
000404票20180308的收盘价是6.15
000404票20180308的涨幅是6.77
000404票20180307的开盘价是5.97
000404票20180307的开盘价是5.76
000404票20180307的开盘价是-2.87
002305票20180308的开盘价是3.94
002305票20180308的收盘价是4.2
002305票20180308的涨幅是5.79
002305票20180307的开盘价是4.06
002305票20180307的开盘价是3.97
002305票20180307的开盘价是-2.46
002158票20180308的开盘价是11.9
002158票20180308的收盘价是12.6
002158票20180308的涨幅是5.53
002158票20180307的开盘价是12.18
002158票20180307的开盘价是11.94
002158票20180307的开盘价是-2.05
002282票20180308的开盘价是12.5
002282票20180308的收盘价是13.34
002282票20180308的涨幅是6.63
002282票20180307的开盘价是12.7
002282票20180307的开盘价是12.51
002282票20180307的开盘价是-2.34
002713票20180308的开盘价是25.32
002713票20180308的收盘价是26.9
002713票20180308的涨幅是5.95
002713票20180307的开盘价是26.09
002713票20180307的开盘价是25.39
002713票20180307的开盘价是-2.65
